# JRE version: Java(TM) SE Runtime Environment (8.0_321-b07) (build 1.8.0_321-b07)
# Java VM: Java HotSpot(TM) 64-Bit Server VM (25.321-b07 mixed mode bsd-amd64 compressed oops)
Heap:
 PSYoungGen      total 288768K, used 208343K [0x00000007aab00000, 0x00000007c0000000, 0x00000007c0000000)
  eden space 243200K, 72% used [0x00000007aab00000,0x00000007b5786430,0x00000007b9880000)
  from space 45568K, 69% used [0x00000007bc700000,0x00000007be5ef950,0x00000007bf380000)
  to   space 47616K, 0% used [0x00000007b9880000,0x00000007b9880000,0x00000007bc700000)
 ParOldGen       total 122368K, used 33380K [0x0000000780000000, 0x0000000787780000, 0x00000007aab00000)
  object space 122368K, 27% used [0x0000000780000000,0x0000000782099238,0x0000000787780000)
 Metaspace       used 41566K, capacity 42652K, committed 42880K, reserved 1085440K
  class space    used 5704K, capacity 5975K, committed 6016K, reserved 1048576K
GC Heap History (10 events):
Event: 8.541 GC heap before
{Heap before GC invocations=11 (full 2):
 PSYoungGen      total 198144K, used 33768K [0x00000007aab00000, 0x00000007bf700000, 0x00000007c0000000)
  eden space 164352K, 0% used [0x00000007aab00000,0x00000007aab00000,0x00000007b4b80000)
  from space 33792K, 99% used [0x00000007b4b80000,0x00000007b6c7a278,0x00000007b6c80000)
  to   space 43008K, 0% used [0x00000007bcd00000,0x00000007bcd00000,0x00000007bf700000)
 ParOldGen       total 63488K, used 52434K [0x0000000780000000, 0x0000000783e00000, 0x00000007aab00000)
  object space 63488K, 82% used [0x0000000780000000,0x0000000783334910,0x0000000783e00000)
 Metaspace       used 27259K, capacity 27762K, committed 28032K, reserved 1073152K
  class space    used 3531K, capacity 3664K, committed 3712K, reserved 1048576K
Event: 8.620 GC heap after
Heap after GC invocations=11 (full 2):
 PSYoungGen      total 198144K, used 0K [0x00000007aab00000, 0x00000007bf700000, 0x00000007c0000000)
  eden space 164352K, 0% used [0x00000007aab00000,0x00000007aab00000,0x00000007b4b80000)
  from space 33792K, 0% used [0x00000007b4b80000,0x00000007b4b80000,0x00000007b6c80000)
  to   space 43008K, 0% used [0x00000007bcd00000,0x00000007bcd00000,0x00000007bf700000)
 ParOldGen       total 122368K, used 57522K [0x0000000780000000, 0x0000000787780000, 0x00000007aab00000)
  object space 122368K, 47% used [0x0000000780000000,0x000000078382c980,0x0000000787780000)
 Metaspace       used 27259K, capacity 27762K, committed 28032K, reserved 1073152K
  class space    used 3531K, capacity 3664K, committed 3712K, reserved 1048576K
}
Event: 9.253 GC heap before
{Heap before GC invocations=12 (full 2):
 PSYoungGen      total 198144K, used 164352K [0x00000007aab00000, 0x00000007bf700000, 0x00000007c0000000)
  eden space 164352K, 100% used [0x00000007aab00000,0x00000007b4b80000,0x00000007b4b80000)
  from space 33792K, 0% used [0x00000007b4b80000,0x00000007b4b80000,0x00000007b6c80000)
  to   space 43008K, 0% used [0x00000007bcd00000,0x00000007bcd00000,0x00000007bf700000)
 ParOldGen       total 122368K, used 57522K [0x0000000780000000, 0x0000000787780000, 0x00000007aab00000)
  object space 122368K, 47% used [0x0000000780000000,0x000000078382c980,0x0000000787780000)
 Metaspace       used 27937K, capacity 28450K, committed 28672K, reserved 1075200K
  class space    used 3660K, capacity 3830K, committed 3840K, reserved 1048576K
Event: 9.287 GC heap after
Heap after GC invocations=12 (full 2):
 PSYoungGen      total 284672K, used 32613K [0x00000007aab00000, 0x00000007bf380000, 0x00000007c0000000)
  eden space 245248K, 0% used [0x00000007aab00000,0x00000007aab00000,0x00000007b9a80000)
  from space 39424K, 82% used [0x00000007bcd00000,0x00000007becd9528,0x00000007bf380000)
  to   space 45568K, 0% used [0x00000007b9a80000,0x00000007b9a80000,0x00000007bc700000)
 ParOldGen       total 122368K, used 57522K [0x0000000780000000, 0x0000000787780000, 0x00000007aab00000)
  object space 122368K, 47% used [0x0000000780000000,0x000000078382c980,0x0000000787780000)
 Metaspace       used 27937K, capacity 28450K, committed 28672K, reserved 1075200K
  class space    used 3660K, capacity 3830K, committed 3840K, reserved 1048576K
}
Event: 10.149 GC heap before
{Heap before GC invocations=13 (full 2):
 PSYoungGen      total 284672K, used 152231K [0x00000007aab00000, 0x00000007bf380000, 0x00000007c0000000)
  eden space 245248K, 48% used [0x00000007aab00000,0x00000007b1fd0918,0x00000007b9a80000)
  from space 39424K, 82% used [0x00000007bcd00000,0x00000007becd9528,0x00000007bf380000)
  to   space 45568K, 0% used [0x00000007b9a80000,0x00000007b9a80000,0x00000007bc700000)
 ParOldGen       total 122368K, used 57522K [0x0000000780000000, 0x0000000787780000, 0x00000007aab00000)
  object space 122368K, 47% used [0x0000000780000000,0x000000078382c980,0x0000000787780000)
 Metaspace       used 32095K, capacity 32734K, committed 32896K, reserved 1077248K
  class space    used 4262K, capacity 4412K, committed 4480K, reserved 1048576K
Event: 10.156 GC heap after
Heap after GC invocations=13 (full 2):
 PSYoungGen      total 290816K, used 6703K [0x00000007aab00000, 0x00000007bf380000, 0x00000007c0000000)
  eden space 245248K, 0% used [0x00000007aab00000,0x00000007aab00000,0x00000007b9a80000)
  from space 45568K, 14% used [0x00000007b9a80000,0x00000007ba10bc58,0x00000007bc700000)
  to   space 45568K, 0% used [0x00000007bc700000,0x00000007bc700000,0x00000007bf380000)
 ParOldGen       total 122368K, used 63952K [0x0000000780000000, 0x0000000787780000, 0x00000007aab00000)
  object space 122368K, 52% used [0x0000000780000000,0x0000000783e74250,0x0000000787780000)
 Metaspace       used 32095K, capacity 32734K, committed 32896K, reserved 1077248K
  class space    used 4262K, capacity 4412K, committed 4480K, reserved 1048576K
}
Event: 10.156 GC heap before
{Heap before GC invocations=14 (full 3):
 PSYoungGen      total 290816K, used 6703K [0x00000007aab00000, 0x00000007bf380000, 0x00000007c0000000)
  eden space 245248K, 0% used [0x00000007aab00000,0x00000007aab00000,0x00000007b9a80000)
  from space 45568K, 14% used [0x00000007b9a80000,0x00000007ba10bc58,0x00000007bc700000)
  to   space 45568K, 0% used [0x00000007bc700000,0x00000007bc700000,0x00000007bf380000)
 ParOldGen       total 122368K, used 63952K [0x0000000780000000, 0x0000000787780000, 0x00000007aab00000)
  object space 122368K, 52% used [0x0000000780000000,0x0000000783e74250,0x0000000787780000)
 Metaspace       used 32095K, capacity 32734K, committed 32896K, reserved 1077248K
  class space    used 4262K, capacity 4412K, committed 4480K, reserved 1048576K
Event: 10.252 GC heap after
Heap after GC invocations=14 (full 3):
 PSYoungGen      total 290816K, used 0K [0x00000007aab00000, 0x00000007bf380000, 0x00000007c0000000)
  eden space 245248K, 0% used [0x00000007aab00000,0x00000007aab00000,0x00000007b9a80000)
  from space 45568K, 0% used [0x00000007b9a80000,0x00000007b9a80000,0x00000007bc700000)
  to   space 45568K, 0% used [0x00000007bc700000,0x00000007bc700000,0x00000007bf380000)
 ParOldGen       total 122368K, used 33372K [0x0000000780000000, 0x0000000787780000, 0x00000007aab00000)
  object space 122368K, 27% used [0x0000000780000000,0x0000000782097238,0x0000000787780000)
 Metaspace       used 32095K, capacity 32734K, committed 32896K, reserved 1077248K
  class space    used 4262K, capacity 4412K, committed 4480K, reserved 1048576K
}
Event: 22.541 GC heap before
{Heap before GC invocations=15 (full 3):
 PSYoungGen      total 290816K, used 244874K [0x00000007aab00000, 0x00000007bf380000, 0x00000007c0000000)
  eden space 245248K, 99% used [0x00000007aab00000,0x00000007b9a22a78,0x00000007b9a80000)
  from space 45568K, 0% used [0x00000007b9a80000,0x00000007b9a80000,0x00000007bc700000)
  to   space 45568K, 0% used [0x00000007bc700000,0x00000007bc700000,0x00000007bf380000)
 ParOldGen       total 122368K, used 33372K [0x0000000780000000, 0x0000000787780000, 0x00000007aab00000)
  object space 122368K, 27% used [0x0000000780000000,0x0000000782097238,0x0000000787780000)
 Metaspace       used 41436K, capacity 42512K, committed 42624K, reserved 1085440K
  class space    used 5688K, capacity 5933K, committed 6016K, reserved 1048576K
Event: 22.570 GC heap after
Heap after GC invocations=15 (full 3):
 PSYoungGen      total 288768K, used 31678K [0x00000007aab00000, 0x00000007c0000000, 0x00000007c0000000)
  eden space 243200K, 0% used [0x00000007aab00000,0x00000007aab00000,0x00000007b9880000)
  from space 45568K, 69% used [0x00000007bc700000,0x00000007be5ef950,0x00000007bf380000)
  to   space 47616K, 0% used [0x00000007b9880000,0x00000007b9880000,0x00000007bc700000)
 ParOldGen       total 122368K, used 33380K [0x0000000780000000, 0x0000000787780000, 0x00000007aab00000)
  object space 122368K, 27% used [0x0000000780000000,0x0000000782099238,0x0000000787780000)
 Metaspace       used 41436K, capacity 42512K, committed 42624K, reserved 1085440K
  class space    used 5688K, capacity 5933K, committed 6016K, reserved 1048576K
}

